[    0.000000] Linux version 4.15.0-121-generic (buildd@lgw01-amd64-034) (gcc version 7.5.0 (Ubuntu 7.5.0-3ubuntu1~18.04)) #123-Ubuntu SMP Mon Oct 5 16:16:40 UTC 2020 (Ubuntu 4.15.0-121.123-generic 4.15.18)
[    0.000000] Command line: BOOT_IMAGE=/boot/vmlinuz-4.15.0-121-generic root=LABEL=cloudimg-rootfs ro console=tty1 console=ttyS0
[    0.000000] KERNEL supported cpus:
[    0.000000]   Intel GenuineIntel
[    0.000000]   AMD AuthenticAMD
[    0.000000]   Centaur CentaurHauls
[    0.000000] x86/fpu: Supporting XSAVE feature 0x001: 'x87 floating point registers'
[    0.000000] x86/fpu: Supporting XSAVE feature 0x002: 'SSE registers'
[    0.000000] x86/fpu: Supporting XSAVE feature 0x004: 'AVX registers'
[    0.000000] x86/fpu: xstate_offset[2]:  576, xstate_sizes[2]:  256
[    0.000000] x86/fpu: Enabled xstate features 0x7, context size is 832 bytes, using 'standard' format.
[    0.000000] e820: BIOS-provided physical RAM map:
[    0.000000] BIOS-e820: [mem 0x0000000000000000-0x000000000009fbff] usable
[    0.000000] BIOS-e820: [mem 0x000000000009fc00-0x000000000009ffff] reserved
[    0.000000] BIOS-e820: [mem 0x00000000000f0000-0x00000000000fffff] reserved
[    0.000000] BIOS-e820: [mem 0x0000000000100000-0x00000000dffeffff] usable
[    0.000000] BIOS-e820: [mem 0x00000000dfff0000-0x00000000dfffffff] ACPI data
[    0.000000] BIOS-e820: [mem 0x00000000fec00000-0x00000000fec00fff] reserved
[    0.000000] BIOS-e820: [mem 0x00000000fee00000-0x00000000fee00fff] reserved
[    0.000000] BIOS-e820: [mem 0x00000000fffc0000-0x00000000ffffffff] reserved
[    0.000000] BIOS-e820: [mem 0x0000000100000000-0x000000011fffffff] usable
[    0.000000] NX (Execute Disable) protection: active
[    0.000000] SMBIOS 2.5 present.
[    0.000000] DMI: innotek GmbH VirtualBox/VirtualBox, BIOS VirtualBox 12/01/2006
[    0.000000] Hypervisor detected: KVM
[    0.000000] e820: last_pfn = 0x120000 max_arch_pfn = 0x400000000
[    0.000000] MTRR: Disabled
[    0.000000] x86/PAT: MTRRs disabled, skipping PAT initialization too.
[    0.000000] CPU MTRRs all blank - virtualized system.
[    0.000000] x86/PAT: Configuration [0-7]: WB  WT  UC- UC  WB  WT  UC- UC  
[    0.000000] e820: last_pfn = 0xdfff0 max_arch_pfn = 0x400000000
[    0.000000] found SMP MP-table at [mem 0x0009fff0-0x0009ffff]
[    0.000000] Scanning 1 areas for low memory corruption
[    0.000000] RAMDISK: [mem 0x35a63000-0x36d28fff]
[    0.000000] ACPI: Early table checksum verification disabled
[    0.000000] ACPI: RSDP 0x00000000000E0000 000024 (v02 VBOX  )
[    0.000000] ACPI: XSDT 0x00000000DFFF0030 00003C (v01 VBOX   VBOXXSDT 00000001 ASL  00000061)
[    0.000000] ACPI: FACP 0x00000000DFFF00F0 0000F4 (v04 VBOX   VBOXFACP 00000001 ASL  00000061)
[    0.000000] ACPI: DSDT 0x00000000DFFF0470 002325 (v02 VBOX   VBOXBIOS 00000002 INTL 20120111)
[    0.000000] ACPI: FACS 0x00000000DFFF0200 000040
[    0.000000] ACPI: FACS 0x00000000DFFF0200 000040
[    0.000000] ACPI: APIC 0x00000000DFFF0240 00005C (v02 VBOX   VBOXAPIC 00000001 ASL  00000061)
[    0.000000] ACPI: SSDT 0x00000000DFFF02A0 0001CC (v01 VBOX   VBOXCPUT 00000002 INTL 20120111)
[    0.000000] No NUMA configuration found
[    0.000000] Faking a node at [mem 0x0000000000000000-0x000000011fffffff]
[    0.000000] NODE_DATA(0) allocated [mem 0x11ffd1000-0x11fffbfff]
[    0.000000] kvm-clock: cpu 0, msr 1:1ff50001, primary cpu clock
[    0.000000] kvm-clock: Using msrs 4b564d01 and 4b564d00
[    0.000000] kvm-clock: using sched offset of 3299846729 cycles
[    0.000000] clocksource: kvm-clock: mask: 0xffffffffffffffff max_cycles: 0x1cd42e4dffb, max_idle_ns: 881590591483 ns
[    0.000000] Zone ranges:
[    0.000000]   DMA      [mem 0x0000000000001000-0x0000000000ffffff]
[    0.000000]   DMA32    [mem 0x0000000001000000-0x00000000ffffffff]
[    0.000000]   Normal   [mem 0x0000000100000000-0x000000011fffffff]
[    0.000000]   Device   empty
[    0.000000] Movable zone start for each node
[    0.000000] Early memory node ranges
[    0.000000]   node   0: [mem 0x0000000000001000-0x000000000009efff]
[    0.000000]   node   0: [mem 0x0000000000100000-0x00000000dffeffff]
[    0.000000]   node   0: [mem 0x0000000100000000-0x000000011fffffff]
[    0.000000] Reserved but unavailable: 98 pages
[    0.000000] Initmem setup node 0 [mem 0x0000000000001000-0x000000011fffffff]
[    0.000000] ACPI: PM-Timer IO Port: 0x4008
[    0.000000] IOAPIC[0]: apic_id 2, version 32, address 0xfec00000, GSI 0-23
[    0.000000] ACPI: INT_SRC_OVR (bus 0 bus_irq 0 global_irq 2 dfl dfl)
[    0.000000] ACPI: INT_SRC_OVR (bus 0 bus_irq 9 global_irq 9 low level)
[    0.000000] Using ACPI (MADT) for SMP configuration information
[    0.000000] smpboot: Allowing 2 CPUs, 0 hotplug CPUs
[    0.000000] PM: Registered nosave memory: [mem 0x00000000-0x00000fff]
[    0.000000] PM: Registered nosave memory: [mem 0x0009f000-0x0009ffff]
[    0.000000] PM: Registered nosave memory: [mem 0x000a0000-0x000effff]
[    0.000000] PM: Registered nosave memory: [mem 0x000f0000-0x000fffff]
[    0.000000] PM: Registered nosave memory: [mem 0xdfff0000-0xdfffffff]
[    0.000000] PM: Registered nosave memory: [mem 0xe0000000-0xfebfffff]
[    0.000000] PM: Registered nosave memory: [mem 0xfec00000-0xfec00fff]
[    0.000000] PM: Registered nosave memory: [mem 0xfec01000-0xfedfffff]
[    0.000000] PM: Registered nosave memory: [mem 0xfee00000-0xfee00fff]
[    0.000000] PM: Registered nosave memory: [mem 0xfee01000-0xfffbffff]
[    0.000000] PM: Registered nosave memory: [mem 0xfffc0000-0xffffffff]
[    0.000000] e820: [mem 0xe0000000-0xfebfffff] available for PCI devices
[    0.000000] Booting paravirtualized kernel on KVM
[    0.000000] clocksource: refined-jiffies: mask: 0xffffffff max_cycles: 0xffffffff, max_idle_ns: 7645519600211568 ns
[    0.000000] random: get_random_bytes called from start_kernel+0x99/0x500 with crng_init=0
[    0.000000] setup_percpu: NR_CPUS:8192 nr_cpumask_bits:2 nr_cpu_ids:2 nr_node_ids:1
[    0.000000] percpu: Embedded 45 pages/cpu s147456 r8192 d28672 u1048576
[    0.000000] PV qspinlock hash table entries: 256 (order: 0, 4096 bytes)
[    0.000000] Built 1 zonelists, mobility grouping on.  Total pages: 1032057
[    0.000000] Policy zone: Normal
[    0.000000] Kernel command line: BOOT_IMAGE=/boot/vmlinuz-4.15.0-121-generic root=LABEL=cloudimg-rootfs ro console=tty1 console=ttyS0
[    0.000000] Memory: 4013632K/4193848K available (12300K kernel code, 2482K rwdata, 4272K rodata, 2436K init, 2724K bss, 180216K reserved, 0K cma-reserved)
[    0.000000] SLUB: HWalign=64, Order=0-3, MinObjects=0, CPUs=2, Nodes=1
[    0.000000] Kernel/User page tables isolation: enabled
[    0.000000] ftrace: allocating 39402 entries in 154 pages
[    0.004000] Hierarchical RCU implementation.
[    0.004000] 	RCU restricting CPUs from NR_CPUS=8192 to nr_cpu_ids=2.
[    0.004000] 	Tasks RCU enabled.
[    0.004000] RCU: Adjusting geometry for rcu_fanout_leaf=16, nr_cpu_ids=2
[    0.004000] NR_IRQS: 524544, nr_irqs: 440, preallocated irqs: 16
[    0.004000] Console: colour VGA+ 80x25
[    0.004000] console [tty1] enabled
[    0.004000] console [ttyS0] enabled
[    0.004000] ACPI: Core revision 20170831
[    0.004000] ACPI: 2 ACPI AML tables successfully acquired and loaded
[    0.004000] APIC: Switch to symmetric I/O mode setup
[    0.004000] x2apic enabled
[    0.004000] Switched APIC routing to physical x2apic.
[    0.004000] ..TIMER: vector=0x30 apic1=0 pin1=2 apic2=-1 pin2=-1
[    0.004000] tsc: Detected 2304.000 MHz processor
[    0.004005] Calibrating delay loop (skipped) preset value.. 4608.00 BogoMIPS (lpj=9216000)
[    0.005261] pid_max: default: 32768 minimum: 301
[    0.006014] Security Framework initialized
[    0.006642] Yama: becoming mindful.
[    0.007198] AppArmor: AppArmor initialized
[    0.009622] Dentry cache hash table entries: 524288 (order: 10, 4194304 bytes)
[    0.011444] Inode-cache hash table entries: 262144 (order: 9, 2097152 bytes)
[    0.012009] Mount-cache hash table entries: 8192 (order: 4, 65536 bytes)
[    0.013045] Mountpoint-cache hash table entries: 8192 (order: 4, 65536 bytes)
[    0.016198] Last level iTLB entries: 4KB 64, 2MB 8, 4MB 8
[    0.017029] Last level dTLB entries: 4KB 64, 2MB 0, 4MB 0, 1GB 4
[    0.017934] Spectre V1 : Mitigation: usercopy/swapgs barriers and __user pointer sanitization
[    0.019224] Spectre V2 : Mitigation: Full generic retpoline
[    0.020001] Spectre V2 : Spectre v2 / SpectreRSB mitigation: Filling RSB on context switch
[    0.021594] Speculative Store Bypass: Vulnerable
[    0.022301] SRBDS: Unknown: Dependent on hypervisor status
[    0.023112] MDS: Mitigation: Clear CPU buffers
[    0.024115] Freeing SMP alternatives memory: 36K
[    0.134664] smpboot: CPU0: Intel(R) Core(TM) i9-9880H CPU @ 2.30GHz (family: 0x6, model: 0x9e, stepping: 0xd)
[    0.136000] Performance Events: unsupported p6 CPU model 158 no PMU driver, software events only.
[    0.136000] Hierarchical SRCU implementation.
[    0.136407] NMI watchdog: Perf event create on CPU 0 failed with -2
[    0.137362] NMI watchdog: Perf NMI watchdog permanently disabled
[    0.138297] smp: Bringing up secondary CPUs ...
[    0.139717] x86: Booting SMP configuration:
[    0.140001] .... node  #0, CPUs:      #1
[    0.004000] kvm-clock: cpu 1, msr 1:1ff50041, secondary cpu clock
[    0.144011] smp: Brought up 1 node, 2 CPUs
[    0.144673] smpboot: Max logical packages: 1
[    0.145339] smpboot: Total of 2 processors activated (9216.00 BogoMIPS)
[    0.146437] devtmpfs: initialized
[    0.146437] x86/mm: Memory block size: 128MB
[    0.148239] evm: security.selinux
[    0.148778] evm: security.SMACK64
[    0.149310] evm: security.SMACK64EXEC
[    0.149892] evm: security.SMACK64TRANSMUTE
[    0.150536] evm: security.SMACK64MMAP
[    0.151116] evm: security.apparmor
[    0.151661] evm: security.ima
[    0.152001] evm: security.capability
[    0.153186] clocksource: jiffies: mask: 0xffffffff max_cycles: 0xffffffff, max_idle_ns: 7645041785100000 ns
[    0.154068] futex hash table entries: 512 (order: 3, 32768 bytes)
[    0.156051] pinctrl core: initialized pinctrl subsystem
[    0.157145] RTC time: 16:10:12, date: 10/22/20
[    0.158095] NET: Registered protocol family 16
[    0.158879] audit: initializing netlink subsys (disabled)
[    0.160037] audit: type=2000 audit(1603383017.684:1): state=initialized audit_enabled=0 res=1
[    0.161901] cpuidle: using governor ladder
[    0.161901] cpuidle: using governor menu
[    0.164024] ACPI: bus type PCI registered
[    0.164854] acpiphp: ACPI Hot Plug PCI Controller Driver version: 0.5
[    0.165920] PCI: Using configuration type 1 for base access
[    0.168782] HugeTLB registered 2.00 MiB page size, pre-allocated 0 pages
[    0.169546] ACPI: Added _OSI(Module Device)
[    0.169546] ACPI: Added _OSI(Processor Device)
[    0.172002] ACPI: Added _OSI(3.0 _SCP Extensions)
[    0.172731] ACPI: Added _OSI(Processor Aggregator Device)
[    0.173555] ACPI: Added _OSI(Linux-Dell-Video)
[    0.174246] ACPI: Added _OSI(Linux-Lenovo-NV-HDMI-Audio)
[    0.175098] ACPI: Added _OSI(Linux-HPI-Hybrid-Graphics)
[    0.176276] ACPI: Executed 1 blocks of module-level executable AML code
[    0.179541] ACPI: Interpreter enabled
[    0.180008] ACPI: (supports S0 S5)
[    0.180545] ACPI: Using IOAPIC for interrupt routing
[    0.181449] PCI: Using host bridge windows from ACPI; if necessary, use "pci=nocrs" and report a bug
[    0.182954] ACPI: Enabled 2 GPEs in block 00 to 07
[    0.188956] ACPI: PCI Root Bridge [PCI0] (domain 0000 [bus 00-ff])
[    0.189902] acpi PNP0A03:00: _OSC: OS supports [ASPM ClockPM Segments MSI]
[    0.191234] acpi PNP0A03:00: _OSC: not requesting OS control; OS requires [ExtendedConfig ASPM ClockPM MSI]
[    0.192008] acpi PNP0A03:00: fail to add MMCONFIG information, can't access extended PCI configuration space under this bridge.
[    0.196366] PCI host bridge to bus 0000:00
[    0.197016] pci_bus 0000:00: root bus resource [io  0x0000-0x0cf7 window]
[    0.198056] pci_bus 0000:00: root bus resource [io  0x0d00-0xffff window]
[    0.199083] pci_bus 0000:00: root bus resource [mem 0x000a0000-0x000bffff window]
[    0.200003] pci_bus 0000:00: root bus resource [mem 0xe0000000-0xfdffffff window]
[    0.201167] pci_bus 0000:00: root bus resource [bus 00-ff]
[    0.204549] pci 0000:00:01.1: legacy IDE quirk: reg 0x10: [io  0x01f0-0x01f7]
[    0.205601] pci 0000:00:01.1: legacy IDE quirk: reg 0x14: [io  0x03f6]
[    0.206566] pci 0000:00:01.1: legacy IDE quirk: reg 0x18: [io  0x0170-0x0177]
[    0.207617] pci 0000:00:01.1: legacy IDE quirk: reg 0x1c: [io  0x0376]
[    0.229530] pci 0000:00:07.0: quirk: [io  0x4000-0x403f] claimed by PIIX4 ACPI
[    0.231279] pci 0000:00:07.0: quirk: [io  0x4100-0x410f] claimed by PIIX4 SMB
[    0.238906] ACPI: PCI Interrupt Link [LNKA] (IRQs 5 9 10 *11)
[    0.240238] ACPI: PCI Interrupt Link [LNKB] (IRQs 5 9 *10 11)
[    0.241232] ACPI: PCI Interrupt Link [LNKC] (IRQs 5 *9 10 11)
[    0.242203] ACPI: PCI Interrupt Link [LNKD] (IRQs 5 9 10 *11)
[    0.243319] SCSI subsystem initialized
[    0.244026] pci 0000:00:02.0: vgaarb: setting as boot VGA device
[    0.244918] pci 0000:00:02.0: vgaarb: VGA device added: decodes=io+mem,owns=io+mem,locks=none
[    0.246199] pci 0000:00:02.0: vgaarb: bridge control possible
[    0.247063] vgaarb: loaded
[    0.248016] ACPI: bus type USB registered
[    0.248675] usbcore: registered new interface driver usbfs
[    0.249507] usbcore: registered new interface driver hub
[    0.250321] usbcore: registered new device driver usb
[    0.251118] EDAC MC: Ver: 3.0.0
[    0.252031] PCI: Using ACPI for IRQ routing
[    0.252955] NetLabel: Initializing
[    0.253621] NetLabel:  domain hash size = 128
[    0.254293] NetLabel:  protocols = UNLABELED CIPSOv4 CALIPSO
[    0.255158] NetLabel:  unlabeled traffic allowed by default
[    0.256046] clocksource: Switched to clocksource kvm-clock
[    0.264468] VFS: Disk quotas dquot_6.6.0
[    0.266888] VFS: Dquot-cache hash table entries: 512 (order 0, 4096 bytes)
[    0.267947] AppArmor: AppArmor Filesystem Enabled
[    0.268699] pnp: PnP ACPI init
[    0.270125] pnp: PnP ACPI: found 3 devices
[    0.278773] clocksource: acpi_pm: mask: 0xffffff max_cycles: 0xffffff, max_idle_ns: 2085701024 ns
[    0.280547] NET: Registered protocol family 2
[    0.281302] TCP established hash table entries: 32768 (order: 6, 262144 bytes)
[    0.283239] TCP bind hash table entries: 32768 (order: 7, 524288 bytes)
[    0.284635] TCP: Hash tables configured (established 32768 bind 32768)
[    0.285785] UDP hash table entries: 2048 (order: 4, 65536 bytes)
[    0.286735] UDP-Lite hash table entries: 2048 (order: 4, 65536 bytes)
[    0.287745] NET: Registered protocol family 1
[    0.288464] pci 0000:00:00.0: Limiting direct PCI/PCI transfers
[    0.289401] pci 0000:00:01.0: Activating ISA DMA hang workarounds
[    0.290385] pci 0000:00:02.0: Video device with shadowed ROM at [mem 0x000c0000-0x000dffff]
[    0.291760] Unpacking initramfs...
[    0.500165] Freeing initrd memory: 19224K
[    0.502475] PCI-DMA: Using software bounce buffering for IO (SWIOTLB)
[    0.503698] software IO TLB: mapped [mem 0xdbff0000-0xdfff0000] (64MB)
[    0.504721] clocksource: tsc: mask: 0xffffffffffffffff max_cycles: 0x2135f7c97c8, max_idle_ns: 440795273205 ns
[    0.506220] platform rtc_cmos: registered platform RTC device (no PNP device found)
[    0.507387] Scanning for low memory corruption every 60 seconds
[    0.508840] Initialise system trusted keyrings
[    0.509533] Key type blacklist registered
[    0.510720] workingset: timestamp_bits=36 max_order=20 bucket_order=0
[    0.512961] zbud: loaded
[    0.513725] squashfs: version 4.0 (2009/01/31) Phillip Lougher
[    0.514728] fuse init (API version 7.26)
[    0.517163] Key type asymmetric registered
[    0.517805] Asymmetric key parser 'x509' registered
[    0.518568] Block layer SCSI generic (bsg) driver version 0.4 loaded (major 246)
[    0.519941] io scheduler noop registered
[    0.520636] io scheduler deadline registered
[    0.521315] io scheduler cfq registered (default)
[    0.522471] ACPI: AC Adapter [AC] (on-line)
[    0.523168] input: Power Button as /devices/LNXSYSTM:00/LNXPWRBN:00/input/input0
[    0.524375] ACPI: Power Button [PWRF]
[    0.525009] input: Sleep Button as /devices/LNXSYSTM:00/LNXSLPBN:00/input/input1
[    0.526140] ACPI: Sleep Button [SLPF]
[    0.527768] ACPI: Battery Slot [BAT0] (battery present)
[    0.528072] Serial: 8250/16550 driver, 32 ports, IRQ sharing enabled
[    0.550782] 00:02: ttyS0 at I/O 0x3f8 (irq = 4, base_baud = 115200) is a 16550A
[    0.553034] Linux agpgart interface v0.103
[    0.555025] loop: module loaded
[    0.555891] scsi host0: ata_piix
[    0.556578] scsi host1: ata_piix
[    0.557148] ata1: PATA max UDMA/33 cmd 0x1f0 ctl 0x3f6 bmdma 0xd000 irq 14
[    0.558169] ata2: PATA max UDMA/33 cmd 0x170 ctl 0x376 bmdma 0xd008 irq 15
[    0.559252] libphy: Fixed MDIO Bus: probed
[    0.560025] tun: Universal TUN/TAP device driver, 1.6
[    0.560885] PPP generic driver version 2.4.2
[    0.561574] ehci_hcd: USB 2.0 'Enhanced' Host Controller (EHCI) Driver
[    0.562594] ehci-pci: EHCI PCI platform driver
[    0.563283] ehci-platform: EHCI generic platform driver
[    0.564081] ohci_hcd: USB 1.1 'Open' Host Controller (OHCI) Driver
[    0.565469] ohci-pci: OHCI PCI platform driver
[    0.566264] ohci-platform: OHCI generic platform driver
[    0.567053] uhci_hcd: USB Universal Host Controller Interface driver
[    0.568018] i8042: PNP: PS/2 Controller [PNP0303:PS2K,PNP0f03:PS2M] at 0x60,0x64 irq 1,12
[    0.569809] serio: i8042 KBD port at 0x60,0x64 irq 1
[    0.570644] serio: i8042 AUX port at 0x60,0x64 irq 12
[    0.571460] mousedev: PS/2 mouse device common for all mice
[    0.572756] input: AT Translated Set 2 keyboard as /devices/platform/i8042/serio0/input/input2
[    0.574582] rtc_cmos rtc_cmos: rtc core: registered rtc_cmos as rtc0
[    0.575612] rtc_cmos rtc_cmos: alarms up to one day, 114 bytes nvram
[    0.576641] i2c /dev entries driver
[    0.577256] device-mapper: uevent: version 1.0.3
[    0.578107] device-mapper: ioctl: 4.37.0-ioctl (2017-09-20) initialised: dm-devel@redhat.com
[    0.579457] ledtrig-cpu: registered to indicate activity on CPUs
[    0.581023] NET: Registered protocol family 10
[    0.583864] Segment Routing with IPv6
[    0.584496] NET: Registered protocol family 17
[    0.585221] Key type dns_resolver registered
[    0.586031] mce: Using 0 MCE banks
[    0.586581] RAS: Correctable Errors collector initialized.
[    0.587411] sched_clock: Marking stable (585995440, 0)->(782720209, -196724769)
[    0.588791] registered taskstats version 1
[    0.589437] Loading compiled-in X.509 certificates
[    0.591538] Loaded X.509 cert 'Build time autogenerated kernel key: 517b2180bafe62ad6f81db3336688475b28504c0'
[    0.593429] zswap: loaded using pool lzo/zbud
[    0.596228] Key type big_key registered
[    0.596848] Key type trusted registered
[    0.598453] Key type encrypted registered
[    0.599400] AppArmor: AppArmor sha1 policy hashing enabled
[    0.600297] ima: No TPM chip found, activating TPM-bypass! (rc=-19)
[    0.601267] ima: Allocated hash algorithm: sha1
[    0.601995] evm: HMAC attrs: 0x1
[    0.602727]   Magic number: 8:990:186
[    0.603380] rtc_cmos rtc_cmos: setting system clock to 2020-10-22 16:10:13 UTC (1603383013)
[    0.604782] BIOS EDD facility v0.16 2004-Jun-25, 0 devices found
[    0.605686] EDD information not available.
[    1.142373] Freeing unused kernel image memory: 2436K
[    1.152825] Write protecting the kernel read-only data: 20480k
[    1.155959] Freeing unused kernel image memory: 2008K
[    1.157756] Freeing unused kernel image memory: 1872K
[    1.166496] x86/mm: Checked W+X mappings: passed, no W+X pages found.
[    1.167685] x86/mm: Checking user space page tables
[    1.175940] x86/mm: Checked W+X mappings: passed, no W+X pages found.
Loading, please wait...
starting version 237
[    1.221831] Fusion MPT base driver 3.04.20
[    1.223159] Copyright (c) 1999-2008 LSI Corporation
[    1.231709] Fusion MPT SPI Host driver 3.04.20
[    1.233383] e1000: Intel(R) PRO/1000 Network Driver - version 7.3.21-k8-NAPI
[    1.234434] e1000: Copyright (c) 1999-2006 Intel Corporation.
[    1.238832] AVX2 version of gcm_enc/dec engaged.
[    1.239570] AES CTR mode by8 optimization enabled
[    1.241865] mptbase: ioc0: Initiating bringup
[    1.467013] input: ImExPS/2 Generic Explorer Mouse as /devices/platform/i8042/serio1/input/input4
[    1.481213] ioc0: LSI53C1030 A0: Capabilities={Initiator}
[    3.924681] scsi host2: ioc0: LSI53C1030 A0, FwRev=00000000h, Ports=1, MaxQ=256, IRQ=20
[    5.546495] scsi 2:0:0:0: Direct-Access     VBOX     HARDDISK         1.0  PQ: 0 ANSI: 5
[    6.250705] scsi target2:0:0: Beginning Domain Validation
[    6.310297] scsi target2:0:0: Domain Validation skipping write tests
[    6.311602] scsi target2:0:0: Ending Domain Validation
[    6.312650] scsi target2:0:0: asynchronous
[    6.316385] scsi 2:0:1:0: Direct-Access     VBOX     HARDDISK         1.0  PQ: 0 ANSI: 5
[    6.552345] scsi target2:0:1: Beginning Domain Validation
[    6.555564] random: fast init done
[    6.556378] scsi target2:0:1: Domain Validation skipping write tests
[    6.557665] scsi target2:0:1: Ending Domain Validation
[    6.558682] scsi target2:0:1: asynchronous
[    6.562984] random: systemd-udevd: uninitialized urandom read (16 bytes read)
[    6.563025] sd 2:0:0:0: Attached scsi generic sg0 type 0
[    6.564392] random: systemd-udevd: uninitialized urandom read (16 bytes read)
[    6.565434] sd 2:0:1:0: Attached scsi generic sg1 type 0
[    6.566672] random: systemd-udevd: uninitialized urandom read (16 bytes read)
[    6.572184] sd 2:0:0:0: [sda] 20971520 512-byte logical blocks: (10.7 GB/10.0 GiB)
[    6.574175] sd 2:0:0:0: [sda] Write Protect is off
[    6.575375] sd 2:0:1:0: [sdb] 20480 512-byte logical blocks: (10.5 MB/10.0 MiB)
[    6.577048] sd 2:0:1:0: [sdb] Write Protect is off
[    6.578151] sd 2:0:0:0: [sda] Incomplete mode parameter data
[    6.579293] sd 2:0:0:0: [sda] Assuming drive cache: write through
[    6.580492] sd 2:0:1:0: [sdb] Incomplete mode parameter data
[    6.581593] sd 2:0:1:0: [sdb] Assuming drive cache: write through
[    6.582242] e1000 0000:00:03.0 eth0: (PCI:33MHz:32-bit) 02:c6:b0:25:69:cb
[    6.584013] e1000 0000:00:03.0 eth0: Intel(R) PRO/1000 Network Connection
[    6.586053] e1000 0000:00:03.0 enp0s3: renamed from eth0
[    6.588385]  sda: sda1
[    6.589337] sd 2:0:0:0: [sda] Attached SCSI disk
[    6.590302] sd 2:0:1:0: [sdb] Attached SCSI disk
Begin: Loading essential drivers ... [    7.912132] raid6: sse2x1   gen() 14569 MB/s
[    7.960185] raid6: sse2x1   xor()  9065 MB/s
[    8.008204] raid6: sse2x2   gen() 18675 MB/s
[    8.056314] raid6: sse2x2   xor() 11978 MB/s
[    8.104165] raid6: sse2x4   gen() 19897 MB/s
[    8.152119] raid6: sse2x4   xor() 11871 MB/s
[    8.200194] raid6: avx2x1   gen() 29594 MB/s
[    8.248304] raid6: avx2x1   xor() 17547 MB/s
[    8.296148] raid6: avx2x2   gen() 34385 MB/s
[    8.344017] raid6: avx2x2   xor() 22562 MB/s
[    8.392199] raid6: avx2x4   gen() 38519 MB/s
[    8.440194] raid6: avx2x4   xor() 23757 MB/s
[    8.441463] raid6: using algorithm avx2x4 gen() 38519 MB/s
[    8.442421] raid6: .... xor() 23757 MB/s, rmw enabled
[    8.443258] raid6: using avx2x2 recovery algorithm
[    8.445424] xor: automatically using best checksumming function   avx       
[    8.447329] async_tx: api initialized (async)
done.
Begin: Running /scripts/init-premount ... done.
Begin: Mounting root file system ... Begin: Running /scripts/local-top ... done.
Begin: Running /scripts/local-premount ... [    8.478049] Btrfs loaded, crc32c=crc32c-intel
Scanning for Btrfs filesystems
done.
Warning: fsck not present, so skipping root file system
[    8.494000] EXT4-fs (sda1): mounted filesystem with ordered data mode. Opts: (null)
done.
Begin: Running /scripts/local-bottom ... done.
Begin: Running /scripts/init-bottom ... done.
[    8.587427] ip_tables: (C) 2000-2006 Netfilter Core Team
[    8.593004] systemd[1]: systemd 237 running in system mode. (+PAM +AUDIT +SELINUX +IMA +APPARMOR +SMACK +SYSVINIT +UTMP +LIBCRYPTSETUP +GCRYPT +GNUTLS +ACL +XZ +LZ4 +SECCOMP +BLKID +ELFUTILS +KMOD -IDN2 +IDN -PCRE2 default-hierarchy=hybrid)
[    8.596917] systemd[1]: Detected virtualization oracle.
[    8.597899] systemd[1]: Detected architecture x86-64.

Welcome to [1mUbuntu 18.04.5 LTS[0m!

[    8.601904] systemd[1]: Set hostname to <ubuntu>.
[    8.604660] systemd[1]: Initializing machine ID from random generator.
[    8.605769] systemd[1]: Installed transient /etc/machine-id file.
[    8.768890] systemd[1]: Set up automount Arbitrary Executable File Formats File System Automount Point.
[[0;32m  OK  [0m] Set up automount Arbitrary Executab…rmats File System Automount Point.
[    8.771583] systemd[1]: Reached target System Time Synchronized.
[[0;32m  OK  [0m] Reached target System Time Synchronized.
[    8.773277] systemd[1]: Started Forward Password Requests to Wall Directory Watch.
[[0;32m  OK  [0m] Started Forward Password Requests to Wall Directory Watch.
[    8.776402] systemd[1]: Created slice System Slice.
[[0;32m  OK  [0m] Created slice System Slice.
[[0;32m  OK  [0m] Listening on LVM2 poll daemon socket.
[[0;32m  OK  [0m] Listening on LVM2 metadata daemon socket.
[[0;32m  OK  [0m] Listening on /dev/initctl Compatibility Named Pipe.
[[0;32m  OK  [0m] Listening on Network Service Netlink Socket.
[[0;32m  OK  [0m] Listening on Device-mapper event daemon FIFOs.
[[0;32m  OK  [0m] Listening on udev Kernel Socket.
[[0;32m  OK  [0m] Listening on udev Control Socket.
[[0;32m  OK  [0m] Listening on Journal Audit Socket.
[[0;32m  OK  [0m] Listening on Journal Socket (/dev/log).
[[0;32m  OK  [0m] Listening on Syslog Socket.
[[0;32m  OK  [0m] Listening on Journal Socket.
         Mounting POSIX Message Queue File System...
         Starting Uncomplicated firewall...
         Starting Journal Service...
         Mounting Huge Pages File System...
         Starting Set the console keyboard layout...
         Mounting Kernel Debug File System...
         Starting udev Coldplug all Devices...
         Starting Remount Root and Kernel File Systems...
         Starting Monitoring of LVM2 mirrors…ng dmeventd or progress polling...
[[0;32m  OK  [0m] Created slice User and Session Slice.
         Starting Create list of required st…ce nodes for the current kernel...
[[0;32m  OK  [0m] Created slice system-serial\x2dgetty.slice.
[[0;32m  OK  [0m] Reached target Swap.
[[0;32m  OK  [0m] Reached target Slices.
[[0;32m  OK  [0m] Reached target User and Group Name Lookups.
[    9.577036] EXT4-fs (sda1): re-mounted. Opts: (null)
         Starting Load Kernel Modules...
[[0;32m  OK  [0m] Started Journal Service.
[[0;32m  OK  [0m] Mounted POSIX Message Queue File System.
[[0;32m  OK  [0m] Started Uncomplicated firewall.
[[0;32m  OK  [0m] Mounted Huge Pages File System.
[[0;32m  OK  [0m] Mounted Kernel Debug File System.
[[0;32m  OK  [0m] Started Remount Root and Kernel File Systems.
[    9.611158] Loading iSCSI transport class v2.0-870.
[[0;32m  OK  [0m] Started Create list of required sta…vice no[    9.617190] iscsi: registered transport (tcp)
des for the current kernel.
[[0;32m  OK  [0m] Started LVM2 metadata daemon.
         Starting Create Static Device Nodes in /dev...
         Starting Load/Save Random Seed...
         Starting Flush Journal to Persistent Storage...
[[0;32m  OK  [0m] Started udev Coldplug all Devices.
[[0;32m  OK  [0m] Started Create Static Device Nodes in /dev.
         Starting udev Kernel Device Manager...
[    9.664572] systemd-journald[407]: Received request to flush runtime journal from PID 1
[[0;32m  OK  [0m] Started Load/Save Random Seed.
[    9.684663] iscsi: registered transport (iser)
[[0;32m  OK  [0m] Started Load Kernel Modules.
         Starting Apply Kernel Variables...
         Mounting Kernel Configuration File System...
         Mounting FUSE Control File System...
[[0;32m  OK  [0m] Started Monitoring of LVM2 mirrors,…sing dmeventd or progress polling.
[[0;32m  OK  [0m] Mounted Kernel Configuration File System.
[[0;32m  OK  [0m] Mounted FUSE Control File System.
[[0;32m  OK  [0m] Started udev Kernel Device Manager.
[[0;32m  OK  [0m] Started Apply Kernel Variables.
[[0;32m  OK  [0m] Started Set the console keyboard layout.
[[0;32m  OK  [0m] Reached target Local File Systems (Pre).
[[0;32m  OK  [0m] Reached target Local File Systems.
         Starting Commit a transient machine-id on disk...
         Starting ebtables ruleset management...
         Starting Tell Plymouth To Write Out Runtime Data...
         Starting AppArmor initialization...
         Starting Set console font and keymap...
[[0;32m  OK  [0m] Started Dispatch Password Requests to Console Directory Watch.
[[0;32m  OK  [0m] Reached target Local Encrypted Volumes.
[[0;32m  OK  [0m] Started Flush Journal to Persistent Storage.
[[0;32m  OK  [0m] Started Tell Plymouth To Write Out Runtime Data.
         Starting Create Volatile Files and Directories...
[[0;32m  OK  [0m] Started Set console font and keymap.
[[0;32m  OK  [0m] Started Create Volatile Files and Directories.
         Starting Update UTMP about System Boot/Shutdown...
[[0;32m  OK  [0m] Started Update UTMP about System Boot/Shutdown.
[[0;32m  OK  [0m] Started Commit a transient machine-id on disk.
[[0;32m  OK  [0m] Started ebtables ruleset management.
[[0;32m  OK  [0m] Found device /dev/ttyS0.
[[0;32m  OK  [0m] Listening on Load/Save RF Kill Switch Status /dev/rfkill Watch.
[[0;32m  OK  [0m] Started AppArmor initialization.
         Starting Initial cloud-init job (pre-networking)...
         Starting Load AppArmor profiles managed internally by snapd...
[[0;32m  OK  [0m] Started Load AppArmor profiles managed internally by snapd.
[   10.934598] cloud-init[566]: Cloud-init v. 20.3-2-g371b392c-0ubuntu1~18.04.1 running 'init-local' at Thu, 22 Oct 2020 16:10:23 +0000. Up 10.71 seconds.
[[0;32m  OK  [0m] Started Initial cloud-init job (pre-networking).
[[0;32m  OK  [0m] Reached target Network (Pre).
         Starting Network Service...
[[0;32m  OK  [0m] Started Network Service.
         Starting Network Name Resolution...
         Starting Wait for Network to be Configured...
[[0;32m  OK  [0m] Started Network Name Resolution.
[[0;32m  OK  [0m] Reached target Network.
[[0;32m  OK  [0m] Reached target Host and Network Name Lookups.
[[0;32m  OK  [0m] Started Wait for Network to be Configured.
         Starting Initial cloud-init job (metadata service crawler)...
[   13.255811] cloud-init[703]: Cloud-init v. 20.3-2-g371b392c-0ubuntu1~18.04.1 running 'init' at Thu, 22 Oct 2020 16:10:26 +0000. Up 13.15 seconds.
[   13.268145] cloud-init[703]: ci-info: ++++++++++++++++++++++++++++++++++++++Net device info++++++++++++++++++++++++++++++++++++++
[   13.269638] cloud-init[703]: ci-info: +--------+------+----------------------------+---------------+--------+-------------------+
[   13.270988] cloud-init[703]: ci-info: | Device |  Up  |          Address           |      Mask     | Scope  |     Hw-Address    |
[   13.272505] cloud-init[703]: ci-info: +--------+------+----------------------------+---------------+--------+-------------------+
[   13.273994] cloud-init[703]: ci-info: | enp0s3 | True |         10.0.2.15          | 255.255.255.0 | global | 02:c6:b0:25:69:cb |
[   13.275500] cloud-init[703]: ci-info: | enp0s3 | True | fe80::c6:b0ff:fe25:69cb/64 |       .       |  link  | 02:c6:b0:25:69:cb |
[   13.277152] cloud-init[703]: ci-info: |   lo   | True |         127.0.0.1          |   255.0.0.0   |  host  |         .         |
[   13.278708] cloud-init[703]: ci-info: |   lo   | True |          ::1/128           |       .       |  host  |         .         |
[   13.280521] cloud-init[703]: ci-info: +--------+------+----------------------------+---------------+--------+-------------------+
[   13.282146] cloud-init[703]: ci-info: ++++++++++++++++++++++++++++Route IPv4 info+++++++++++++++++++++++++++++
[   13.283535] cloud-init[703]: ci-info: +-------+-------------+----------+-----------------+-----------+-------+
[   13.285655] cloud-init[703]: ci-info: | Route | Destination | Gateway  |     Genmask     | Interface | Flags |
[   13.287195] cloud-init[703]: ci-info: +-------+-------------+----------+-----------------+-----------+-------+
[   13.288722] cloud-init[703]: ci-info: |   0   |   0.0.0.0   | 10.0.2.2 |     0.0.0.0     |   enp0s3  |   UG  |
[   13.290202] cloud-init[703]: ci-info: |   1   |   10.0.2.0  | 0.0.0.0  |  255.255.255.0  |   enp0s3  |   U   |
[   13.291704] cloud-init[703]: ci-info: |   2   |   10.0.2.2  | 0.0.0.0  | 255.255.255.255 |   enp0s3  |   UH  |
[   13.293226] cloud-init[703]: ci-info: +-------+-------------+----------+-----------------+-----------+-------+
[   13.295109] cloud-init[703]: ci-info: +++++++++++++++++++Route IPv6 info+++++++++++++++++++
[   13.296424] cloud-init[703]: ci-info: +-------+-------------+---------+-----------+-------+
[   13.297693] cloud-init[703]: ci-info: | Route | Destination | Gateway | Interface | Flags |
[   13.298965] cloud-init[703]: ci-info: +-------+-------------+---------+-----------+-------+
[   13.300272] cloud-init[703]: ci-info: |   1   |  fe80::/64  |    ::   |   enp0s3  |   U   |
[   13.301576] cloud-init[703]: ci-info: |   3   |    local    |    ::   |   enp0s3  |   U   |
[   13.302926] cloud-init[703]: ci-info: |   4   |   ff00::/8  |    ::   |   enp0s3  |   U   |
[   13.304225] cloud-init[703]: ci-info: +-------+-------------+---------+-----------+-------+
[   13.706449] cloud-init[703]: Generating public/private rsa key pair.
[   13.707352] cloud-init[703]: Your identification has been saved in /etc/ssh/ssh_host_rsa_key.
[   13.708595] cloud-init[703]: Your public key has been saved in /etc/ssh/ssh_host_rsa_key.pub.
[   13.710596] cloud-init[703]: The key fingerprint is:
[   13.711396] cloud-init[703]: SHA256:on34uSc+oTpR15VzkzMQHCrujhAXhQWYPOKY8byGVHs root@ubuntu-bionic
[   13.712872] cloud-init[703]: The key's randomart image is:
[   13.713729] cloud-init[703]: +---[RSA 2048]----+
[   13.714460] cloud-init[703]: |   . o.+o  .+= . |
[   13.715181] cloud-init[703]: |. ..= ..   .= *  |
[   13.715940] cloud-init[703]: | B..... .... o + |
[   13.716718] cloud-init[703]: |o.+. E.o...      |
[   13.717476] cloud-init[703]: |.. .o.o.S        |
[   13.718225] cloud-init[703]: |. o .= +.        |
[   13.718979] cloud-init[703]: | .  o.o.o.       |
[   13.719740] cloud-init[703]: |    ...=o..      |
[   13.720495] cloud-init[703]: |    .o..*=       |
[   13.721242] cloud-init[703]: +----[SHA256]-----+
[   13.722047] cloud-init[703]: Generating public/private dsa key pair.
[   13.723064] cloud-init[703]: Your identification has been saved in /etc/ssh/ssh_host_dsa_key.
[   13.724422] cloud-init[703]: Your public key has been saved in /etc/ssh/ssh_host_dsa_key.pub.
[   13.725749] cloud-init[703]: The key fingerprint is:
[   13.726540] cloud-init[703]: SHA256:iRpe5qbSsgC2hPKcKdvVyj2ZLW/FiOlj2pa8T+v8i28 root@ubuntu-bionic
[   13.727970] cloud-init[703]: The key's randomart image is:
[   13.728857] cloud-init[703]: +---[DSA 1024]----+
[   13.729634] cloud-init[703]: |                 |
[   13.730381] cloud-init[703]: |                 |
[   13.731109] cloud-init[703]: |                 |
[   13.731829] cloud-init[703]: |.      . .       |
[   13.732563] cloud-init[703]: |+o  . +oSo       |
[   13.733304] cloud-init[703]: |=o.+ Bo . o      |
[   13.734042] cloud-init[703]: |o.=.+o+=..       |
[   13.734769] cloud-init[703]: | =oo.*%oooE      |
[   13.735500] cloud-init[703]: |. o+=++XB++.     |
[   13.736299] cloud-init[703]: +----[SHA256]-----+
[   13.737023] cloud-init[703]: Generating public/private ecdsa key pair.
[   13.738214] cloud-init[703]: Your identification has been saved in /etc/ssh/ssh_host_ecdsa_key.
[   13.739662] cloud-init[703]: Your public key has been saved in /etc/ssh/ssh_host_ecdsa_key.pub.
[   13.740973] cloud-init[703]: The key fingerprint is:
[   13.741800] cloud-init[703]: SHA256:nkI3ejuH0FO8EWHnCcOwfc6Cj2JtQPawntnRyzsha5k root@ubuntu-bionic
[   13.743243] cloud-init[703]: The key's randomart image is:
[   13.744515] cloud-init[703]: +---[ECDSA 256]---+
[   13.745269] cloud-init[703]: |        .o=..    |
[   13.746018] cloud-init[703]: |         +o= .   |
[   13.746784] cloud-init[703]: |      + ....+    |
[   13.747534] cloud-init[703]: |     o + o++     |
[   13.748311] cloud-init[703]: |      +.S.ooo    |
[   13.760209] cloud-init[703]: |     o.X+Boo     |
[   13.772531] cloud-init[703]: |      O.OB+.     |
[[   13.784639] [0;32m  OK  [0mcloud-init] [703]: Started Initial cloud-init job (metadata service crawler).|     . =E.o.     |

[   13.785880] cloud-init[703]: |       ..o..     |
[   13.785935] cloud-init[703]: +----[SHA256]-----+
[[0;32m  OK  [0m] Reached target System Initialization.
[   13.786072] cloud-init[703]: Generating public/private ed25519 key pair.
[[   13.788334] cloud-init[703]: Your identification has been saved in /etc/ssh/ssh_host_ed25519_key.
[   13.788411] cloud-init[703]: Your public key has been saved in /etc/ssh/ssh_host_ed25519_key.pub.
[   13.789009] cloud-init[703]: The key fingerprint is:
[   13.789589] cloud-init[703]: SHA256:doalTKX46AoAD6faL714BeqU2g8YPa/wsk6W0+PfuuU root@ubuntu-bionic
[   13.790184] cloud-init[703]: The key's randomart image is:
[   13.790795] cloud-init[703]: +--[ED25519 256]--+
[   13.791388] cloud-init[703]: |          .      |
[   13.792052] cloud-init[703]: |       . o       |
[   13.792644] cloud-init[703]: |o .   . o .      |
[   13.793234] cloud-init[703]: |.*  .  = +       |
[   13.793835] cloud-init[703]: |+ +o .. S o      |
[   13.794439] cloud-init[703]: |.=*o ... o       |
[   13.795052] cloud-init[703]: |+X++....         |
[   13.795650] cloud-init[703]: |=o**+.+          |
[   13.796490] cloud-init[703]: |o++=*=oE         |
[   13.797082] cloud-init[703]: +----[SHA256]-----+
[0;32m  OK  [0m] Listening on Open-iSCSI iscsid Socket.
[[0;32m  OK  [0m] Listening on UUID daemon activation socket.
[[0;32m  OK  [0m] Started Daily apt download activities.
[[0;32m  OK  [0m] Started Daily apt upgrade and clean activities.
[[0;32m  OK  [0m] Started Daily Cleanup of Temporary Directories.
         Starting Socket activation for snappy daemon.
[[0;32m  OK  [0m] Started ACPI Events Check.
[[0;32m  OK  [0m] Reached target Paths.
[[0;32m  OK  [0m] Started Discard unused blocks once a week.
[[0;32m  OK  [0m] Started Message of the Day.
[[0;32m  OK  [0m] Reached target Timers.
[[0;32m  OK  [0m] Listening on D-Bus System Message Bus Socket.
         Starting LXD - unix socket.
[[0;32m  OK  [0m] Listening on ACPID Listen Socket.
[[0;32m  OK  [0m] Reached target Network is Online.
[[0;32m  OK  [0m] Reached target Remote File Systems (Pre).
[[0;32m  OK  [0m] Reached target Remote File Systems.
         Starting Availability of block devices...
[[0;32m  OK  [0m] Reached target Cloud-config availability.
[[0;32m  OK  [0m] Listening on Socket activation for snappy daemon.
[[0;32m  OK  [0m] Listening on LXD - unix socket.
[[0;32m  OK  [0m] Reached target Sockets.
[[0;32m  OK  [0m] Reached target Basic System.
[[0;32m  OK  [0m] Started FUSE filesystem for LXC.
         Starting Accounts Service...
[[0;32m  OK  [0m] Started D-Bus System Message Bus.
         Starting LXD - container startup/shutdown...
         Starting System Logging Service...
         Starting LSB: Record successful boot for GRUB...
         Starting Pollinate to seed the pseudo random number generator...
[[0;32m  OK  [0m] Started Deferred execution scheduler.
[[0;32m  OK  [0m] Started irqbalance daemon.
         Starting Virtualbox guest utils...
         Starting LSB: automatic crash report generation...
[[0;32m  OK  [0m] Started Regular background program processing daemon.
         Starting Permit User Sessions...
         Starting Login Service...
         Starting Dispatcher daemon for systemd-networkd...
         Starting Snap Daemon...
[[0;32m  OK  [0m] Started System Logging Service.
[[0;32m  OK  [0m] Started Availability of block devices.
[[0;32m  OK  [0m] Started LXD - container startup/shutdown.
[[0;32m  OK  [0m] Started Permit User Sessions.
[[0;32m  OK  [0m] Started Login Service.
[[0;32m  OK  [0m] Started Unattended Upgrades Shutdown.
         Starting Authorization Manager...
         Starting Hold until boot process finishes up...
         Starting Terminate Plymouth Boot Screen...
[[0;32m  OK  [0m] Started Hold until boot process finishes up.
[[0;32m  OK  [0m] Started Terminate Plymouth Boot Screen.
[[0;32m  OK  [0m] Started Serial Getty on ttyS0.
         Starting Set console scheme...
[[0;32m  OK  [0m] Started LSB: automatic crash report generation.
[[0;32m  OK  [0m] Started Authorization Manager.
[[0;32m  OK  [0m] Started Accounts Service.
[[0;32m  OK  [0m] Started Set console scheme.
[[0;32m  OK  [0m] Created slice system-getty.slice.
[[0;32m  OK  [0m] Started Getty on tty1.
[[0;32m  OK  [0m] Reached target Login Prompts.
[[0;32m  OK  [0m] Started Virtualbox guest utils.
[[0;32m  OK  [0m] Started LSB: Record successful boot for GRUB.
[[0;32m  OK  [0m] Started Dispatcher daemon for systemd-networkd.
[[0;32m  OK  [0m] Started Snap Daemon.
         Starting Wait until snapd is fully seeded...
[[0;32m  OK  [0m] Started Pollinate to seed the pseudo random number generator.
         Starting OpenBSD Secure Shell server...
[[0;32m  OK  [0m] Started OpenBSD Secure Shell server.
[[0;32m  OK  [0m] Created slice User Slice of vagrant.
         Starting User Manager for UID 1000...
[[0;32m  OK  [0m] Started Session 1 of user vagrant.
[[0;32m  OK  [0m] Started User Manager for UID 1000.
         Stopping User Manager for UID 1000...
[[0;32m  OK  [0m] Stopped User Manager for UID 1000.
[[0;32m  OK  [0m] Removed slice User Slice of vagrant.
[[0;32m  OK  [0m] Created slice User Slice of vagrant.
         Starting User Manager for UID 1000...
[[0;32m  OK  [0m] Started Session 3 of user vagrant.
[[0;32m  OK  [0m] Started User Manager for UID 1000.
[[0;32m  OK  [0m] Started Wait until snapd is fully seeded.
         Starting Apply the settings specified in cloud-config...
[[0;32m  OK  [0m] Reached target Multi-User System.
[[0;32m  OK  [0m] Reached target Graphical Interface.
         Starting Update UTMP about System Runlevel Changes...
[[0;32m  OK  [0m] Started Update UTMP about System Runlevel Changes.
[   18.057958] cloud-init[1646]: Cloud-init v. 20.3-2-g371b392c-0ubuntu1~18.04.1 running 'modules:config' at Thu, 22 Oct 2020 16:10:30 +0000. Up 17.80 seconds.
[[0;32m  OK  [0m] Started Apply the settings specified in cloud-config.
         Starting Execute cloud user/final scripts...
ci-info: no authorized SSH keys fingerprints found for user ubuntu.
<14>Oct 22 16:10:31 ec2: 
<14>Oct 22 16:10:31 ec2: #############################################################
<14>Oct 22 16:10:31 ec2: -----BEGIN SSH HOST KEY FINGERPRINTS-----
<14>Oct 22 16:10:31 ec2: 1024 SHA256:iRpe5qbSsgC2hPKcKdvVyj2ZLW/FiOlj2pa8T+v8i28 root@ubuntu-bionic (DSA)
<14>Oct 22 16:10:31 ec2: 256 SHA256:nkI3ejuH0FO8EWHnCcOwfc6Cj2JtQPawntnRyzsha5k root@ubuntu-bionic (ECDSA)
<14>Oct 22 16:10:31 ec2: 256 SHA256:doalTKX46AoAD6faL714BeqU2g8YPa/wsk6W0+PfuuU root@ubuntu-bionic (ED25519)
<14>Oct 22 16:10:31 ec2: 2048 SHA256:on34uSc+oTpR15VzkzMQHCrujhAXhQWYPOKY8byGVHs root@ubuntu-bionic (RSA)
<14>Oct 22 16:10:31 ec2: -----END SSH HOST KEY FINGERPRINTS-----
<14>Oct 22 16:10:31 ec2: #############################################################
-----BEGIN SSH HOST KEY KEYS-----
ecdsa-sha2-nistp256 AAAAE2VjZHNhLXNoYTItbmlzdHAyNTYAAAAIbmlzdHAyNTYAAABBBNqHjtUiSnfC8OJJSdYqnCyF8HMVYAi7J2SxEeWZyv3hmM1j0uZ3pbhkLl+ux6MIDc4+AgdZFTRYAcFzsKZzPic= root@ubuntu-bionic
ssh-ed25519 AAAAC3NzaC1lZDI1NTE5AAAAIJWAue6EIb4OTawVRxxxIIyISQ6er7BH5sOvl2PjpJKE root@ubuntu-bionic
ssh-rsa AAAAB3NzaC1yc2EAAAADAQABAAABAQDcyoC5lEpwmJrn0MD69xntTzJLVYcjYzf70Nsy9bo3ZdHrZwiH8A38nA0ntMJPtPvVnXuJ8TEdmRWZXt4q5iHwqfUDlcbL0NVVhD3oZQL4vmvqQ4h4rns9zwIjYZOUptHlQ3jE/dXqwYGJSjO2YOcq0LmJ2/8HhkwR+3mzAPcQ+QH12Svuu0J1CcXvi79cPgXzNBhgwF9x+inTenDyiA4Z/7jjdwwi3E06kAk7cGzkRI30yE2ZUKUUHU099xBK6woZzX+Q3pUSOn452gq0t91h4QOXiDbke9++j21mgaC6Qx1+gjG/m8Qh0s1wsns1E9n8Rd9f/LhaOA0eYepJBcnL root@ubuntu-bionic
-----END SSH HOST KEY KEYS-----
[   18.468899] cloud-init[1767]: Cloud-init v. 20.3-2-g371b392c-0ubuntu1~18.04.1 running 'modules:final' at Thu, 22 Oct 2020 16:10:31 +0000. Up 18.34 seconds.
[   18.470713] cloud-init[1767]: ci-info: no authorized SSH keys fingerprints found for user ubuntu.
[   18.471474] cloud-init[1767]: Cloud-init v. 20.3-2-g371b392c-0ubuntu1~18.04.1 finished at Thu, 22 Oct 2020 16:10:31 +0000. Datasource DataSourceNoCloud [seed=/dev/sdb][dsmode=net].  Up 18.46 seconds
[[0;32m  OK  [0m] Started Execute cloud user/final scripts.
[[0;32m  OK  [0m] Reached target Cloud-init target.

Ubuntu 18.04.5 LTS ubuntu-bionic ttyS0

ubuntu-bionic login: 